app/build/intermediates/manifest_merge_blame_file/civDebug/manifest-merger-blame-civ-debug-report.txt
1<?xml version="1.0" encoding="utf-8"?>
2<manifest xmlns:android="http://schemas.android.com/apk/res/android"
3    package="com.atakmap.android.helloworld.plugin"
4    android:versionCode="1712694388"
5    android:versionName="1.0 (e17acd9e) - [5.1.0]" >
6
7    <uses-sdk
8        android:minSdkVersion="32"
8-->src/main/AndroidManifest.xml
9        android:targetSdkVersion="33" />
9-->src/main/AndroidManifest.xml
10
11    <!-- allows for the app to run the notification service -->
12    <uses-permission android:name="android.permission.FOREGROUND_SERVICE" />
12-->src/main/AndroidManifest.xml:6:5-76
12-->src/main/AndroidManifest.xml:6:22-74
13
14    <!-- Android 13 required for posting notifications -->
15    <uses-permission android:name="android.permission.POST_NOTIFICATIONS" />
15-->src/main/AndroidManifest.xml:9:5-77
15-->src/main/AndroidManifest.xml:9:22-74
16
17    <!-- Allow for the app to run independent of battery restrictions -->
18    <uses-permission android:name="android.permission.REQUEST_IGNORE_BATTERY_OPTIMIZATIONS" />
18-->src/main/AndroidManifest.xml:12:5-94
18-->src/main/AndroidManifest.xml:12:22-92
19
20    <application
20-->src/main/AndroidManifest.xml:15:5-114:19
21        android:allowBackup="false"
21-->src/main/AndroidManifest.xml:16:9-36
22        android:debuggable="true"
23        android:description="@string/app_desc"
23-->src/main/AndroidManifest.xml:19:9-47
24        android:icon="@drawable/ic_launcher"
24-->src/main/AndroidManifest.xml:17:9-45
25        android:label="@string/app_name"
25-->src/main/AndroidManifest.xml:18:9-41
26        android:testOnly="true"
27        android:theme="@style/AppTheme" >
27-->src/main/AndroidManifest.xml:20:9-40
28        <meta-data
29            android:name="plugin-api"
29-->src/main/AndroidManifest.xml:21:20-45
30            android:value="com.atakmap.app@5.1.0.CIV" />
30-->src/main/AndroidManifest.xml:21:46-79
31        <meta-data
31-->src/main/AndroidManifest.xml:22:9-93
32            android:name="app_desc"
32-->src/main/AndroidManifest.xml:22:20-43
33            android:value="This is Swarmbotics testing app" />
33-->src/main/AndroidManifest.xml:22:44-91
34
35        <activity
35-->src/main/AndroidManifest.xml:25:9-32:20
36            android:name="com.atakmap.android.helloworld.plugin.MainActivity"
36-->src/main/AndroidManifest.xml:26:13-41
37            android:exported="true" >
37-->src/main/AndroidManifest.xml:27:13-36
38            <intent-filter>
38-->src/main/AndroidManifest.xml:28:13-31:29
39                <action android:name="android.intent.action.MAIN" />
39-->src/main/AndroidManifest.xml:29:17-69
39-->src/main/AndroidManifest.xml:29:25-66
40
41                <category android:name="android.intent.category.LAUNCHER" />
41-->src/main/AndroidManifest.xml:30:17-77
41-->src/main/AndroidManifest.xml:30:27-74
42            </intent-filter>
43        </activity>
44
45        <!-- <provider android:name="com.javacodegeeks.android.contentprovidertest.BirthProvider" -->
46        <!-- android:authorities="com.javacodegeeks.provider.Birthday" -->
47        <!-- android:exported="true"> -->
48        <!-- </provider> -->
49
50        <service
50-->src/main/AndroidManifest.xml:40:9-48:19
51            android:name="com.atakmap.android.helloworld.notification.NotificationService"
51-->src/main/AndroidManifest.xml:41:13-91
52            android:exported="true"
52-->src/main/AndroidManifest.xml:43:13-36
53            android:label="Plugin Notification Service" >
53-->src/main/AndroidManifest.xml:42:13-56
54            <intent-filter>
54-->src/main/AndroidManifest.xml:45:13-47:29
55                <action android:name="com.atakmap.android.helloworld.notification.NotificationService" />
55-->src/main/AndroidManifest.xml:46:17-105
55-->src/main/AndroidManifest.xml:46:25-103
56            </intent-filter>
57        </service>
58        <service
58-->src/main/AndroidManifest.xml:50:9-58:19
59            android:name="com.atakmap.android.helloworld.service.ExampleAidlService"
59-->src/main/AndroidManifest.xml:51:13-85
60            android:exported="true"
60-->src/main/AndroidManifest.xml:53:13-36
61            android:label="Plugin Aidl Service" >
61-->src/main/AndroidManifest.xml:52:13-48
62            <intent-filter>
62-->src/main/AndroidManifest.xml:55:13-57:29
63                <action android:name="com.atakmap.android.helloworld.service.ExampleAidlService" />
63-->src/main/AndroidManifest.xml:56:17-99
63-->src/main/AndroidManifest.xml:56:25-97
64            </intent-filter>
65        </service>
66
67        <activity
67-->src/main/AndroidManifest.xml:60:9-65:20
68            android:name="com.atakmap.android.helloworld.CameraActivity"
68-->src/main/AndroidManifest.xml:61:13-73
69            android:configChanges="orientation"
69-->src/main/AndroidManifest.xml:64:13-48
70            android:exported="true"
70-->src/main/AndroidManifest.xml:63:13-36
71            android:theme="@android:style/Theme.Translucent.NoTitleBar.Fullscreen" >
71-->src/main/AndroidManifest.xml:62:13-83
72        </activity>
73
74        <!--
75        Commented out, functionality absorbed by SpeechToActivity
76        <activity
77            android:name="com.atakmap.android.helloworld.SpeechToTextActivity"
78            android:theme="@style/AppTheme"
79            android:exported="true"
80            android:configChanges="orientation"
81            android:launchMode="singleTop">
82            <intent-filter>
83                <action android:name="com.atakmap.android.helloworld.SpeechToTextActivity"/>
84            </intent-filter>
85        </activity>
86        -->
87        <!-- <activity -->
88        <!-- android:name="com.atakmap.android.helloworld.speechtotext.SpeechToActivity" -->
89        <!-- android:theme="@style/Theme.Transparent" -->
90        <!-- android:exported="true" -->
91        <!-- android:configChanges="orientation" -->
92        <!-- android:launchMode="singleTop"> -->
93        <!-- <intent-filter> -->
94        <!-- <action android:name="android.intent.action.MAIN" /> -->
95        <!-- <category android:name="android.intent.category.LAUNCHER" /> -->
96        <!-- <action android:name="com.atakmap.android.helloworld.SpeechToActivity"/> -->
97        <!-- </intent-filter> -->
98
99
100        <!-- </activity> -->
101
102
103        <!-- allow for plugin discovery -->
104        <activity
104-->src/main/AndroidManifest.xml:94:8-101:19
105            android:name="com.atakmap.app.component"
105-->src/main/AndroidManifest.xml:94:18-58
106            android:exported="true" >
106-->src/main/AndroidManifest.xml:95:12-35
107            <intent-filter android:label="@string/app_name" >
107-->src/main/AndroidManifest.xml:97:12-100:28
107-->src/main/AndroidManifest.xml:97:27-59
108                <action android:name="com.atakmap.app.component" />
108-->src/main/AndroidManifest.xml:98:15-66
108-->src/main/AndroidManifest.xml:98:23-63
109            </intent-filter>
110        </activity>
111        <activity
111-->src/main/AndroidManifest.xml:104:9-112:20
112            android:name="com.atakmap.android.helloworld.PluginPermissionActivity"
112-->src/main/AndroidManifest.xml:104:19-89
113            android:exported="true"
113-->src/main/AndroidManifest.xml:105:13-36
114            android:launchMode="singleInstance"
114-->src/main/AndroidManifest.xml:106:13-48
115            android:screenOrientation="behind"
115-->src/main/AndroidManifest.xml:107:13-47
116            android:theme="@style/PermissionTheme" >
116-->src/main/AndroidManifest.xml:108:13-51
117            <intent-filter>
117-->src/main/AndroidManifest.xml:109:13-111:29
118                <action android:name="com.atakmap.android.sip.SipPermissionsActivity" />
118-->src/main/AndroidManifest.xml:110:17-89
118-->src/main/AndroidManifest.xml:110:25-86
119            </intent-filter>
120        </activity>
121    </application>
122
123</manifest>